<?xml version="1.0" encoding="UTF-8"?>
<testsuite xmlns:xsi="http://www.w3.org/2001/XMLSchema-instance" xsi:noNamespaceSchemaLocation="https://maven.apache.org/surefire/maven-surefire-plugin/xsd/surefire-test-report.xsd" name="Lesson_4.TestAreaTriangle" time="0.175" tests="1" errors="0" skipped="0" failures="0">
  <properties>
    <property name="sun.desktop" value="windows"/>
    <property name="awt.toolkit" value="sun.awt.windows.WToolkit"/>
    <property name="file.encoding.pkg" value="sun.io"/>
    <property name="java.specification.version" value="1.8"/>
    <property name="sun.cpu.isalist" value="amd64"/>
    <property name="sun.jnu.encoding" value="Cp1251"/>
    <property name="java.class.path" value="H:\Школа программирования\Тестирование ПО\3 четверть\Автоматизация тестирования Web UI на Java\ДЗ\auto.web.ui\target\test-classes;H:\Школа программирования\Тестирование ПО\3 четверть\Автоматизация тестирования Web UI на Java\ДЗ\auto.web.ui\target\classes;h:\Maven\repository\junit\junit\4.13.2\junit-4.13.2.jar;h:\Maven\repository\org\hamcrest\hamcrest-core\1.3\hamcrest-core-1.3.jar;h:\Maven\repository\org\seleniumhq\selenium\selenium-java\3.141.59\selenium-java-3.141.59.jar;h:\Maven\repository\org\seleniumhq\selenium\selenium-api\3.141.59\selenium-api-3.141.59.jar;h:\Maven\repository\org\seleniumhq\selenium\selenium-chrome-driver\3.141.59\selenium-chrome-driver-3.141.59.jar;h:\Maven\repository\org\seleniumhq\selenium\selenium-edge-driver\3.141.59\selenium-edge-driver-3.141.59.jar;h:\Maven\repository\org\seleniumhq\selenium\selenium-firefox-driver\3.141.59\selenium-firefox-driver-3.141.59.jar;h:\Maven\repository\org\seleniumhq\selenium\selenium-ie-driver\3.141.59\selenium-ie-driver-3.141.59.jar;h:\Maven\repository\org\seleniumhq\selenium\selenium-opera-driver\3.141.59\selenium-opera-driver-3.141.59.jar;h:\Maven\repository\org\seleniumhq\selenium\selenium-remote-driver\3.141.59\selenium-remote-driver-3.141.59.jar;h:\Maven\repository\org\seleniumhq\selenium\selenium-safari-driver\3.141.59\selenium-safari-driver-3.141.59.jar;h:\Maven\repository\org\seleniumhq\selenium\selenium-support\3.141.59\selenium-support-3.141.59.jar;h:\Maven\repository\net\bytebuddy\byte-buddy\1.8.15\byte-buddy-1.8.15.jar;h:\Maven\repository\org\apache\commons\commons-exec\1.3\commons-exec-1.3.jar;h:\Maven\repository\com\google\guava\guava\25.0-jre\guava-25.0-jre.jar;h:\Maven\repository\com\google\code\findbugs\jsr305\1.3.9\jsr305-1.3.9.jar;h:\Maven\repository\org\checkerframework\checker-compat-qual\2.0.0\checker-compat-qual-2.0.0.jar;h:\Maven\repository\com\google\errorprone\error_prone_annotations\2.1.3\error_prone_annotations-2.1.3.jar;h:\Maven\repository\com\google\j2objc\j2objc-annotations\1.1\j2objc-annotations-1.1.jar;h:\Maven\repository\org\codehaus\mojo\animal-sniffer-annotations\1.14\animal-sniffer-annotations-1.14.jar;h:\Maven\repository\com\squareup\okhttp3\okhttp\3.11.0\okhttp-3.11.0.jar;h:\Maven\repository\com\squareup\okio\okio\1.14.0\okio-1.14.0.jar;h:\Maven\repository\io\github\bonigarcia\webdrivermanager\4.3.1\webdrivermanager-4.3.1.jar;h:\Maven\repository\commons-io\commons-io\2.8.0\commons-io-2.8.0.jar;h:\Maven\repository\com\google\code\gson\gson\2.8.6\gson-2.8.6.jar;h:\Maven\repository\org\apache\commons\commons-lang3\3.11\commons-lang3-3.11.jar;h:\Maven\repository\org\apache\httpcomponents\client5\httpclient5\5.0.3\httpclient5-5.0.3.jar;h:\Maven\repository\org\apache\httpcomponents\core5\httpcore5\5.0.2\httpcore5-5.0.2.jar;h:\Maven\repository\org\apache\httpcomponents\core5\httpcore5-h2\5.0.2\httpcore5-h2-5.0.2.jar;h:\Maven\repository\commons-codec\commons-codec\1.13\commons-codec-1.13.jar;h:\Maven\repository\org\rauschig\jarchivelib\1.1.0\jarchivelib-1.1.0.jar;h:\Maven\repository\org\apache\commons\commons-compress\1.20\commons-compress-1.20.jar;h:\Maven\repository\org\jsoup\jsoup\1.13.1\jsoup-1.13.1.jar;h:\Maven\repository\org\junit\jupiter\junit-jupiter-engine\5.7.0\junit-jupiter-engine-5.7.0.jar;h:\Maven\repository\org\apiguardian\apiguardian-api\1.1.0\apiguardian-api-1.1.0.jar;h:\Maven\repository\org\junit\platform\junit-platform-engine\1.7.0\junit-platform-engine-1.7.0.jar;h:\Maven\repository\org\opentest4j\opentest4j\1.2.0\opentest4j-1.2.0.jar;h:\Maven\repository\org\junit\platform\junit-platform-commons\1.7.0\junit-platform-commons-1.7.0.jar;h:\Maven\repository\org\junit\jupiter\junit-jupiter-api\5.7.0\junit-jupiter-api-5.7.0.jar;h:\Maven\repository\org\junit\jupiter\junit-jupiter-params\5.7.0\junit-jupiter-params-5.7.0.jar;h:\Maven\repository\ch\qos\logback\logback-classic\1.2.3\logback-classic-1.2.3.jar;h:\Maven\repository\ch\qos\logback\logback-core\1.2.3\logback-core-1.2.3.jar;h:\Maven\repository\org\slf4j\slf4j-api\1.7.26\slf4j-api-1.7.26.jar;"/>
    <property name="java.vm.vendor" value="Oracle Corporation"/>
    <property name="sun.arch.data.model" value="64"/>
    <property name="user.variant" value=""/>
    <property name="java.vendor.url" value="http://java.oracle.com/"/>
    <property name="user.timezone" value="Europe/Moscow"/>
    <property name="java.vm.specification.version" value="1.8"/>
    <property name="os.name" value="Windows 10"/>
    <property name="user.country" value="RU"/>
    <property name="sun.java.launcher" value="SUN_STANDARD"/>
    <property name="sun.boot.library.path" value="C:\Program Files\Java\jdk1.8.0_201\jre\bin"/>
    <property name="sun.java.command" value="C:\Users\836D~1\AppData\Local\Temp\surefire6728210043215417656\surefirebooter1154953262375167961.jar C:\Users\Администратор\AppData\Local\Temp\surefire6728210043215417656 2021-03-02T18-33-54_601-jvmRun1 surefire3581672004989686821tmp surefire_02625364092743255330tmp"/>
    <property name="surefire.test.class.path" value="H:\Школа программирования\Тестирование ПО\3 четверть\Автоматизация тестирования Web UI на Java\ДЗ\auto.web.ui\target\test-classes;H:\Школа программирования\Тестирование ПО\3 четверть\Автоматизация тестирования Web UI на Java\ДЗ\auto.web.ui\target\classes;h:\Maven\repository\junit\junit\4.13.2\junit-4.13.2.jar;h:\Maven\repository\org\hamcrest\hamcrest-core\1.3\hamcrest-core-1.3.jar;h:\Maven\repository\org\seleniumhq\selenium\selenium-java\3.141.59\selenium-java-3.141.59.jar;h:\Maven\repository\org\seleniumhq\selenium\selenium-api\3.141.59\selenium-api-3.141.59.jar;h:\Maven\repository\org\seleniumhq\selenium\selenium-chrome-driver\3.141.59\selenium-chrome-driver-3.141.59.jar;h:\Maven\repository\org\seleniumhq\selenium\selenium-edge-driver\3.141.59\selenium-edge-driver-3.141.59.jar;h:\Maven\repository\org\seleniumhq\selenium\selenium-firefox-driver\3.141.59\selenium-firefox-driver-3.141.59.jar;h:\Maven\repository\org\seleniumhq\selenium\selenium-ie-driver\3.141.59\selenium-ie-driver-3.141.59.jar;h:\Maven\repository\org\seleniumhq\selenium\selenium-opera-driver\3.141.59\selenium-opera-driver-3.141.59.jar;h:\Maven\repository\org\seleniumhq\selenium\selenium-remote-driver\3.141.59\selenium-remote-driver-3.141.59.jar;h:\Maven\repository\org\seleniumhq\selenium\selenium-safari-driver\3.141.59\selenium-safari-driver-3.141.59.jar;h:\Maven\repository\org\seleniumhq\selenium\selenium-support\3.141.59\selenium-support-3.141.59.jar;h:\Maven\repository\net\bytebuddy\byte-buddy\1.8.15\byte-buddy-1.8.15.jar;h:\Maven\repository\org\apache\commons\commons-exec\1.3\commons-exec-1.3.jar;h:\Maven\repository\com\google\guava\guava\25.0-jre\guava-25.0-jre.jar;h:\Maven\repository\com\google\code\findbugs\jsr305\1.3.9\jsr305-1.3.9.jar;h:\Maven\repository\org\checkerframework\checker-compat-qual\2.0.0\checker-compat-qual-2.0.0.jar;h:\Maven\repository\com\google\errorprone\error_prone_annotations\2.1.3\error_prone_annotations-2.1.3.jar;h:\Maven\repository\com\google\j2objc\j2objc-annotations\1.1\j2objc-annotations-1.1.jar;h:\Maven\repository\org\codehaus\mojo\animal-sniffer-annotations\1.14\animal-sniffer-annotations-1.14.jar;h:\Maven\repository\com\squareup\okhttp3\okhttp\3.11.0\okhttp-3.11.0.jar;h:\Maven\repository\com\squareup\okio\okio\1.14.0\okio-1.14.0.jar;h:\Maven\repository\io\github\bonigarcia\webdrivermanager\4.3.1\webdrivermanager-4.3.1.jar;h:\Maven\repository\commons-io\commons-io\2.8.0\commons-io-2.8.0.jar;h:\Maven\repository\com\google\code\gson\gson\2.8.6\gson-2.8.6.jar;h:\Maven\repository\org\apache\commons\commons-lang3\3.11\commons-lang3-3.11.jar;h:\Maven\repository\org\apache\httpcomponents\client5\httpclient5\5.0.3\httpclient5-5.0.3.jar;h:\Maven\repository\org\apache\httpcomponents\core5\httpcore5\5.0.2\httpcore5-5.0.2.jar;h:\Maven\repository\org\apache\httpcomponents\core5\httpcore5-h2\5.0.2\httpcore5-h2-5.0.2.jar;h:\Maven\repository\commons-codec\commons-codec\1.13\commons-codec-1.13.jar;h:\Maven\repository\org\rauschig\jarchivelib\1.1.0\jarchivelib-1.1.0.jar;h:\Maven\repository\org\apache\commons\commons-compress\1.20\commons-compress-1.20.jar;h:\Maven\repository\org\jsoup\jsoup\1.13.1\jsoup-1.13.1.jar;h:\Maven\repository\org\junit\jupiter\junit-jupiter-engine\5.7.0\junit-jupiter-engine-5.7.0.jar;h:\Maven\repository\org\apiguardian\apiguardian-api\1.1.0\apiguardian-api-1.1.0.jar;h:\Maven\repository\org\junit\platform\junit-platform-engine\1.7.0\junit-platform-engine-1.7.0.jar;h:\Maven\repository\org\opentest4j\opentest4j\1.2.0\opentest4j-1.2.0.jar;h:\Maven\repository\org\junit\platform\junit-platform-commons\1.7.0\junit-platform-commons-1.7.0.jar;h:\Maven\repository\org\junit\jupiter\junit-jupiter-api\5.7.0\junit-jupiter-api-5.7.0.jar;h:\Maven\repository\org\junit\jupiter\junit-jupiter-params\5.7.0\junit-jupiter-params-5.7.0.jar;h:\Maven\repository\ch\qos\logback\logback-classic\1.2.3\logback-classic-1.2.3.jar;h:\Maven\repository\ch\qos\logback\logback-core\1.2.3\logback-core-1.2.3.jar;h:\Maven\repository\org\slf4j\slf4j-api\1.7.26\slf4j-api-1.7.26.jar;"/>
    <property name="sun.cpu.endian" value="little"/>
    <property name="user.home" value="C:\Users\Администратор"/>
    <property name="user.language" value="ru"/>
    <property name="java.specification.vendor" value="Oracle Corporation"/>
    <property name="java.home" value="C:\Program Files\Java\jdk1.8.0_201\jre"/>
    <property name="basedir" value="H:\Школа программирования\Тестирование ПО\3 четверть\Автоматизация тестирования Web UI на Java\ДЗ\auto.web.ui"/>
    <property name="file.separator" value="\"/>
    <property name="line.separator" value="&#10;"/>
    <property name="java.vm.specification.vendor" value="Oracle Corporation"/>
    <property name="java.specification.name" value="Java Platform API Specification"/>
    <property name="java.awt.graphicsenv" value="sun.awt.Win32GraphicsEnvironment"/>
    <property name="surefire.real.class.path" value="C:\Users\836D~1\AppData\Local\Temp\surefire6728210043215417656\surefirebooter1154953262375167961.jar"/>
    <property name="sun.boot.class.path" value="C:\Program Files\Java\jdk1.8.0_201\jre\lib\resources.jar;C:\Program Files\Java\jdk1.8.0_201\jre\lib\rt.jar;C:\Program Files\Java\jdk1.8.0_201\jre\lib\sunrsasign.jar;C:\Program Files\Java\jdk1.8.0_201\jre\lib\jsse.jar;C:\Program Files\Java\jdk1.8.0_201\jre\lib\jce.jar;C:\Program Files\Java\jdk1.8.0_201\jre\lib\charsets.jar;C:\Program Files\Java\jdk1.8.0_201\jre\lib\jfr.jar;C:\Program Files\Java\jdk1.8.0_201\jre\classes"/>
    <property name="user.script" value=""/>
    <property name="sun.management.compiler" value="HotSpot 64-Bit Tiered Compilers"/>
    <property name="java.runtime.version" value="1.8.0_201-b09"/>
    <property name="user.name" value="Администратор"/>
    <property name="path.separator" value=";"/>
    <property name="os.version" value="10.0"/>
    <property name="java.endorsed.dirs" value="C:\Program Files\Java\jdk1.8.0_201\jre\lib\endorsed"/>
    <property name="java.runtime.name" value="Java(TM) SE Runtime Environment"/>
    <property name="file.encoding" value="Cp1251"/>
    <property name="java.vm.name" value="Java HotSpot(TM) 64-Bit Server VM"/>
    <property name="localRepository" value="h:\Maven\repository"/>
    <property name="java.vendor.url.bug" value="http://bugreport.sun.com/bugreport/"/>
    <property name="java.io.tmpdir" value="C:\Users\836D~1\AppData\Local\Temp\"/>
    <property name="idea.version" value="2020.2.3"/>
    <property name="java.version" value="1.8.0_201"/>
    <property name="user.dir" value="H:\Школа программирования\Тестирование ПО\3 четверть\Автоматизация тестирования Web UI на Java\ДЗ\auto.web.ui"/>
    <property name="os.arch" value="amd64"/>
    <property name="java.vm.specification.name" value="Java Virtual Machine Specification"/>
    <property name="java.awt.printerjob" value="sun.awt.windows.WPrinterJob"/>
    <property name="sun.os.patch.level" value=""/>
    <property name="java.library.path" value="C:\Program Files\Java\jdk1.8.0_201\jre\bin;C:\Windows\Sun\Java\bin;C:\Windows\system32;C:\Windows;C:\Program Files (x86)\Common Files\Oracle\Java\javapath;C:\Windows\system32;C:\Windows;C:\Windows\System32\Wbem;C:\Windows\System32\WindowsPowerShell\v1.0\;C:\Windows\System32\OpenSSH\;C:\Program Files\TortoiseGit\bin;C:\Program Files\Git\cmd;C:\Program Files\Microsoft SQL Server\120\Tools\Binn\;C:\Program Files (x86)\Common Files\Acronis\SnapAPI\;C:\Users\Администратор\AppData\Local\Microsoft\WindowsApps;;."/>
    <property name="java.vm.info" value="mixed mode"/>
    <property name="java.vendor" value="Oracle Corporation"/>
    <property name="java.vm.version" value="25.201-b09"/>
    <property name="java.ext.dirs" value="C:\Program Files\Java\jdk1.8.0_201\jre\lib\ext;C:\Windows\Sun\Java\lib\ext"/>
    <property name="sun.io.unicode.encoding" value="UnicodeLittle"/>
    <property name="maven.repo.local" value="h:\Maven\repository"/>
    <property name="java.class.version" value="52.0"/>
  </properties>
  <testcase name="areaTriangleTest{int, int, int}[1]" classname="Lesson_4.TestAreaTriangle" time="0.028"/>
</testsuite>